mode: atomic
github.com/lexatic/data-importer/config/config.go:27.41,37.70 8 0
github.com/lexatic/data-importer/config/config.go:41.2,41.21 1 0
github.com/lexatic/data-importer/config/config.go:37.70,39.3 1 0
github.com/lexatic/data-importer/config/config.go:44.33,111.2 38 0
github.com/lexatic/data-importer/config/config.go:114.63,117.16 3 0
github.com/lexatic/data-importer/config/config.go:123.2,125.16 3 0
github.com/lexatic/data-importer/config/config.go:129.2,129.21 1 0
github.com/lexatic/data-importer/config/config.go:117.16,120.3 2 0
github.com/lexatic/data-importer/config/config.go:125.16,128.3 2 0
github.com/lexatic/data-importer/pkg/commons/logger.go:53.52,55.2 1 2
github.com/lexatic/data-importer/pkg/commons/logger.go:57.65,61.2 1 2
github.com/lexatic/data-importer/pkg/commons/logger.go:66.37,67.49 1 1
github.com/lexatic/data-importer/pkg/commons/logger.go:67.49,69.3 1 1
github.com/lexatic/data-importer/pkg/commons/logger.go:75.39,76.49 1 1
github.com/lexatic/data-importer/pkg/commons/logger.go:76.49,78.3 1 1
github.com/lexatic/data-importer/pkg/commons/logger.go:90.70,93.2 2 0
github.com/lexatic/data-importer/pkg/commons/logger.go:101.102,103.39 2 1
github.com/lexatic/data-importer/pkg/commons/logger.go:107.2,107.24 1 1
github.com/lexatic/data-importer/pkg/commons/logger.go:110.2,110.49 1 1
github.com/lexatic/data-importer/pkg/commons/logger.go:103.39,105.3 1 0
github.com/lexatic/data-importer/pkg/commons/logger.go:107.24,109.3 1 2
github.com/lexatic/data-importer/pkg/commons/logger.go:115.60,116.22 1 1
github.com/lexatic/data-importer/pkg/commons/logger.go:117.15,118.28 1 0
github.com/lexatic/data-importer/pkg/commons/logger.go:119.14,120.27 1 0
github.com/lexatic/data-importer/pkg/commons/logger.go:121.14,122.27 1 0
github.com/lexatic/data-importer/pkg/commons/logger.go:123.15,124.28 1 0
github.com/lexatic/data-importer/pkg/commons/logger.go:125.10,126.28 1 1
github.com/lexatic/data-importer/pkg/commons/logger.go:132.42,146.45 14 1
github.com/lexatic/data-importer/pkg/commons/logger.go:146.45,148.3 1 1
github.com/lexatic/data-importer/pkg/commons/logger.go:151.87,154.2 2 0
github.com/lexatic/data-importer/pkg/commons/logger.go:156.79,158.26 2 0
github.com/lexatic/data-importer/pkg/commons/logger.go:161.2,162.24 2 0
github.com/lexatic/data-importer/pkg/commons/logger.go:158.26,160.3 1 0
github.com/lexatic/data-importer/pkg/commons/logger.go:166.56,168.2 1 0
github.com/lexatic/data-importer/pkg/commons/logger.go:170.69,172.2 1 0
github.com/lexatic/data-importer/pkg/commons/logger.go:174.55,176.2 1 0
github.com/lexatic/data-importer/pkg/commons/logger.go:178.68,180.2 1 0
github.com/lexatic/data-importer/pkg/commons/logger.go:182.55,184.2 1 0
github.com/lexatic/data-importer/pkg/commons/logger.go:186.68,188.2 1 0
github.com/lexatic/data-importer/pkg/commons/logger.go:190.56,192.2 1 0
github.com/lexatic/data-importer/pkg/commons/logger.go:194.69,196.2 1 0
github.com/lexatic/data-importer/pkg/commons/logger.go:198.57,200.2 1 0
github.com/lexatic/data-importer/pkg/commons/logger.go:202.70,204.2 1 0
github.com/lexatic/data-importer/pkg/commons/logger.go:206.56,208.2 1 0
github.com/lexatic/data-importer/pkg/commons/logger.go:210.69,212.2 1 0
github.com/lexatic/data-importer/pkg/commons/logger.go:214.56,216.2 1 0
github.com/lexatic/data-importer/pkg/commons/logger.go:218.69,220.2 1 0
github.com/lexatic/data-importer/api/health-check-api/health_check.go:18.88,25.2 1 0
github.com/lexatic/data-importer/api/health-check-api/health_check.go:32.56,38.19 5 0
github.com/lexatic/data-importer/api/health-check-api/health_check.go:42.2,49.4 1 0
github.com/lexatic/data-importer/api/health-check-api/health_check.go:38.19,40.3 1 0
github.com/lexatic/data-importer/api/health-check-api/health_check.go:58.54,66.2 1 0
github.com/lexatic/data-importer/internal/stores/asset_store.go:20.169,26.2 1 0
github.com/lexatic/data-importer/internal/stores/asset_store.go:45.96,51.34 5 0
github.com/lexatic/data-importer/internal/stores/asset_store.go:54.2,58.16 5 0
github.com/lexatic/data-importer/internal/stores/asset_store.go:62.2,64.25 2 0
github.com/lexatic/data-importer/internal/stores/asset_store.go:68.2,69.27 2 0
github.com/lexatic/data-importer/internal/stores/asset_store.go:72.2,73.23 2 0
github.com/lexatic/data-importer/internal/stores/asset_store.go:51.34,53.3 1 0
github.com/lexatic/data-importer/internal/stores/asset_store.go:58.16,61.3 2 0
github.com/lexatic/data-importer/internal/stores/asset_store.go:64.25,66.3 1 0
github.com/lexatic/data-importer/internal/stores/asset_store.go:69.27,71.3 1 0
github.com/lexatic/data-importer/internal/stores/asset_store.go:78.106,84.16 6 0
github.com/lexatic/data-importer/internal/stores/asset_store.go:88.2,89.25 2 0
github.com/lexatic/data-importer/internal/stores/asset_store.go:93.2,94.31 2 0
github.com/lexatic/data-importer/internal/stores/asset_store.go:97.2,97.16 1 0
github.com/lexatic/data-importer/internal/stores/asset_store.go:84.16,87.3 2 0
github.com/lexatic/data-importer/internal/stores/asset_store.go:89.25,92.3 2 0
github.com/lexatic/data-importer/internal/stores/asset_store.go:94.31,96.3 1 0
github.com/lexatic/data-importer/internal/stores/asset_store.go:102.109,181.16 8 0
github.com/lexatic/data-importer/internal/stores/asset_store.go:185.2,186.35 2 0
github.com/lexatic/data-importer/internal/stores/asset_store.go:181.16,184.3 2 0
github.com/lexatic/data-importer/internal/stores/asset_store.go:190.129,208.32 7 1
github.com/lexatic/data-importer/internal/stores/asset_store.go:218.2,231.16 4 1
github.com/lexatic/data-importer/internal/stores/asset_store.go:235.2,236.35 2 1
github.com/lexatic/data-importer/internal/stores/asset_store.go:208.32,216.3 1 1
github.com/lexatic/data-importer/internal/stores/asset_store.go:231.16,234.3 2 0
github.com/lexatic/data-importer/internal/stores/asset_store.go:240.85,259.16 8 1
github.com/lexatic/data-importer/internal/stores/asset_store.go:263.2,264.35 2 1
github.com/lexatic/data-importer/internal/stores/asset_store.go:259.16,262.3 2 0
github.com/lexatic/data-importer/internal/stores/feature_store.go:43.149,48.39 1 0
github.com/lexatic/data-importer/internal/stores/feature_store.go:48.39,50.4 1 0
github.com/lexatic/data-importer/internal/stores/feature_store.go:54.156,59.39 1 0
github.com/lexatic/data-importer/internal/stores/feature_store.go:59.39,61.4 1 0
github.com/lexatic/data-importer/internal/stores/feature_store.go:66.94,67.21 1 0
github.com/lexatic/data-importer/internal/stores/feature_store.go:70.2,72.28 3 0
github.com/lexatic/data-importer/internal/stores/feature_store.go:76.2,78.16 3 0
github.com/lexatic/data-importer/internal/stores/feature_store.go:82.2,82.25 1 0
github.com/lexatic/data-importer/internal/stores/feature_store.go:67.21,69.3 1 0
github.com/lexatic/data-importer/internal/stores/feature_store.go:72.28,75.3 2 0
github.com/lexatic/data-importer/internal/stores/feature_store.go:78.16,81.3 2 0
github.com/lexatic/data-importer/internal/stores/feature_store.go:86.102,87.23 1 0
github.com/lexatic/data-importer/internal/stores/feature_store.go:90.2,91.28 2 0
github.com/lexatic/data-importer/internal/stores/feature_store.go:94.2,96.28 3 0
github.com/lexatic/data-importer/internal/stores/feature_store.go:101.2,103.16 3 0
github.com/lexatic/data-importer/internal/stores/feature_store.go:108.2,108.30 1 0
github.com/lexatic/data-importer/internal/stores/feature_store.go:111.2,111.27 1 0
github.com/lexatic/data-importer/internal/stores/feature_store.go:87.23,89.3 1 0
github.com/lexatic/data-importer/internal/stores/feature_store.go:91.28,93.3 1 0
github.com/lexatic/data-importer/internal/stores/feature_store.go:96.28,99.3 2 0
github.com/lexatic/data-importer/internal/stores/feature_store.go:103.16,106.3 2 0
github.com/lexatic/data-importer/internal/stores/feature_store.go:108.30,110.3 1 0
github.com/lexatic/data-importer/internal/predictors/xgbooster.go:29.45,33.2 3 0
github.com/lexatic/data-importer/internal/predictors/xgbooster.go:35.48,39.2 3 0
github.com/lexatic/data-importer/internal/predictors/xgbooster.go:40.34,41.19 1 0
github.com/lexatic/data-importer/internal/predictors/xgbooster.go:46.2,46.12 1 0
github.com/lexatic/data-importer/internal/predictors/xgbooster.go:41.19,44.3 2 0
github.com/lexatic/data-importer/internal/predictors/xgbooster.go:50.138,62.40 7 0
github.com/lexatic/data-importer/internal/predictors/xgbooster.go:66.2,74.36 7 0
github.com/lexatic/data-importer/internal/predictors/xgbooster.go:62.40,64.3 1 0
github.com/lexatic/data-importer/internal/predictors/xgbooster.go:78.60,83.2 3 0
github.com/lexatic/data-importer/internal/predictors/xgbooster.go:85.46,87.2 1 0
github.com/lexatic/data-importer/internal/predictors/xgbooster.go:90.60,93.32 3 0
github.com/lexatic/data-importer/internal/predictors/xgbooster.go:96.2,96.22 1 0
github.com/lexatic/data-importer/internal/predictors/xgbooster.go:100.2,103.40 3 0
github.com/lexatic/data-importer/internal/predictors/xgbooster.go:107.2,110.21 3 0
github.com/lexatic/data-importer/internal/predictors/xgbooster.go:93.32,95.3 1 0
github.com/lexatic/data-importer/internal/predictors/xgbooster.go:96.22,98.3 1 0
github.com/lexatic/data-importer/internal/predictors/xgbooster.go:103.40,105.3 1 0
github.com/lexatic/data-importer/internal/predictors/xgbooster.go:120.41,122.2 1 0
github.com/lexatic/data-importer/internal/predictors/xgbooster.go:125.104,126.30 1 0
github.com/lexatic/data-importer/internal/predictors/xgbooster.go:129.2,131.40 3 0
github.com/lexatic/data-importer/internal/predictors/xgbooster.go:135.2,138.20 4 0
github.com/lexatic/data-importer/internal/predictors/xgbooster.go:126.30,128.3 1 0
github.com/lexatic/data-importer/internal/predictors/xgbooster.go:131.40,133.3 1 0
github.com/lexatic/data-importer/internal/predictors/xgboost_predictor.go:38.44,39.22 1 0
github.com/lexatic/data-importer/internal/predictors/xgboost_predictor.go:43.2,47.35 4 0
github.com/lexatic/data-importer/internal/predictors/xgboost_predictor.go:91.2,91.69 1 0
github.com/lexatic/data-importer/internal/predictors/xgboost_predictor.go:39.22,41.3 1 0
github.com/lexatic/data-importer/internal/predictors/xgboost_predictor.go:47.35,48.13 1 0
github.com/lexatic/data-importer/internal/predictors/xgboost_predictor.go:86.3,87.17 2 0
github.com/lexatic/data-importer/internal/predictors/xgboost_predictor.go:48.13,55.18 5 0
github.com/lexatic/data-importer/internal/predictors/xgboost_predictor.go:59.4,61.18 3 0
github.com/lexatic/data-importer/internal/predictors/xgboost_predictor.go:67.4,68.33 2 0
github.com/lexatic/data-importer/internal/predictors/xgboost_predictor.go:55.18,58.5 2 0
github.com/lexatic/data-importer/internal/predictors/xgboost_predictor.go:61.18,64.5 2 0
github.com/lexatic/data-importer/internal/predictors/xgboost_predictor.go:68.33,71.19 3 0
github.com/lexatic/data-importer/internal/predictors/xgboost_predictor.go:78.5,82.6 2 0
github.com/lexatic/data-importer/internal/predictors/xgboost_predictor.go:71.19,75.14 2 0
github.com/lexatic/data-importer/internal/predictors/xgboost_predictor.go:87.17,89.4 1 0
github.com/lexatic/data-importer/internal/predictors/xgboost_predictor.go:94.92,104.2 5 0
github.com/lexatic/data-importer/internal/predictors/xgboost_predictor.go:106.63,110.2 3 0
github.com/lexatic/data-importer/internal/recommendation/ml_recomendation.go:46.49,59.2 1 0
github.com/lexatic/data-importer/internal/recommendation/ml_recomendation.go:63.54,66.2 2 1
github.com/lexatic/data-importer/internal/recommendation/ml_recomendation.go:70.53,73.2 2 1
github.com/lexatic/data-importer/internal/recommendation/ml_recomendation.go:77.77,81.2 3 0
github.com/lexatic/data-importer/internal/recommendation/ml_recomendation.go:85.78,89.2 3 0
github.com/lexatic/data-importer/internal/recommendation/ml_recomendation.go:94.75,96.2 1 0
github.com/lexatic/data-importer/internal/recommendation/ml_recomendation.go:99.74,101.2 1 0
github.com/lexatic/data-importer/internal/recommendation/ml_recomendation.go:104.54,106.2 1 0
github.com/lexatic/data-importer/internal/recommendation/ml_recomendation.go:110.86,120.25 6 0
github.com/lexatic/data-importer/internal/recommendation/ml_recomendation.go:128.2,128.25 1 0
github.com/lexatic/data-importer/internal/recommendation/ml_recomendation.go:135.2,136.16 2 0
github.com/lexatic/data-importer/internal/recommendation/ml_recomendation.go:139.2,140.16 2 0
github.com/lexatic/data-importer/internal/recommendation/ml_recomendation.go:144.2,145.16 2 0
github.com/lexatic/data-importer/internal/recommendation/ml_recomendation.go:148.2,148.12 1 0
github.com/lexatic/data-importer/internal/recommendation/ml_recomendation.go:120.25,122.17 2 0
github.com/lexatic/data-importer/internal/recommendation/ml_recomendation.go:125.3,125.13 1 0
github.com/lexatic/data-importer/internal/recommendation/ml_recomendation.go:122.17,124.4 1 0
github.com/lexatic/data-importer/internal/recommendation/ml_recomendation.go:128.25,130.17 2 0
github.com/lexatic/data-importer/internal/recommendation/ml_recomendation.go:133.3,133.13 1 0
github.com/lexatic/data-importer/internal/recommendation/ml_recomendation.go:130.17,132.4 1 0
github.com/lexatic/data-importer/internal/recommendation/ml_recomendation.go:136.16,138.3 1 0
github.com/lexatic/data-importer/internal/recommendation/ml_recomendation.go:140.16,142.3 1 0
github.com/lexatic/data-importer/internal/recommendation/ml_recomendation.go:145.16,147.3 1 0
github.com/lexatic/data-importer/internal/recommendation/ml_recomendation.go:154.77,163.16 6 0
github.com/lexatic/data-importer/internal/recommendation/ml_recomendation.go:166.2,167.16 2 0
github.com/lexatic/data-importer/internal/recommendation/ml_recomendation.go:170.2,170.12 1 0
github.com/lexatic/data-importer/internal/recommendation/ml_recomendation.go:163.16,165.3 1 0
github.com/lexatic/data-importer/internal/recommendation/ml_recomendation.go:167.16,169.3 1 0
github.com/lexatic/data-importer/internal/recommendation/ml_recomendation.go:173.118,183.16 6 0
github.com/lexatic/data-importer/internal/recommendation/ml_recomendation.go:189.2,191.16 3 0
github.com/lexatic/data-importer/internal/recommendation/ml_recomendation.go:211.2,211.49 1 0
github.com/lexatic/data-importer/internal/recommendation/ml_recomendation.go:216.2,217.16 2 0
github.com/lexatic/data-importer/internal/recommendation/ml_recomendation.go:224.2,228.35 3 0
github.com/lexatic/data-importer/internal/recommendation/ml_recomendation.go:183.16,187.3 3 0
github.com/lexatic/data-importer/internal/recommendation/ml_recomendation.go:191.16,195.17 4 0
github.com/lexatic/data-importer/internal/recommendation/ml_recomendation.go:195.17,199.4 3 0
github.com/lexatic/data-importer/internal/recommendation/ml_recomendation.go:200.8,204.17 4 0
github.com/lexatic/data-importer/internal/recommendation/ml_recomendation.go:204.17,208.4 3 0
github.com/lexatic/data-importer/internal/recommendation/ml_recomendation.go:211.49,214.3 2 0
github.com/lexatic/data-importer/internal/recommendation/ml_recomendation.go:217.16,222.3 4 0
github.com/lexatic/data-importer/internal/recommendation/ml_recomendation.go:233.130,243.16 6 0
github.com/lexatic/data-importer/internal/recommendation/ml_recomendation.go:248.2,249.16 2 0
github.com/lexatic/data-importer/internal/recommendation/ml_recomendation.go:254.2,254.28 1 0
github.com/lexatic/data-importer/internal/recommendation/ml_recomendation.go:243.16,247.3 3 0
github.com/lexatic/data-importer/internal/recommendation/ml_recomendation.go:249.16,253.3 3 0
github.com/lexatic/data-importer/internal/recommendation/ml_recomendation.go:258.171,267.16 5 2
github.com/lexatic/data-importer/internal/recommendation/ml_recomendation.go:270.2,270.52 1 2
github.com/lexatic/data-importer/internal/recommendation/ml_recomendation.go:274.2,274.55 1 2
github.com/lexatic/data-importer/internal/recommendation/ml_recomendation.go:277.2,277.31 1 2
github.com/lexatic/data-importer/internal/recommendation/ml_recomendation.go:267.16,269.3 1 0
github.com/lexatic/data-importer/internal/recommendation/ml_recomendation.go:270.52,272.3 1 2
github.com/lexatic/data-importer/internal/recommendation/ml_recomendation.go:274.55,276.3 1 0
github.com/lexatic/data-importer/internal/recommendation/ml_recomendation.go:287.76,289.2 1 2
github.com/lexatic/data-importer/internal/recommendation/ml_recomendation.go:292.92,297.36 5 1
github.com/lexatic/data-importer/internal/recommendation/ml_recomendation.go:303.2,303.77 1 1
github.com/lexatic/data-importer/internal/recommendation/ml_recomendation.go:297.36,302.3 3 2
github.com/lexatic/data-importer/internal/recommendation/ml_recomendation.go:307.130,313.36 5 1
github.com/lexatic/data-importer/internal/recommendation/ml_recomendation.go:321.2,321.77 1 1
github.com/lexatic/data-importer/internal/recommendation/ml_recomendation.go:313.36,320.3 5 2
github.com/lexatic/data-importer/internal/recommendation/ml_recomendation.go:333.54,338.2 1 7
github.com/lexatic/data-importer/internal/recommendation/ml_recomendation.go:340.180,342.39 2 3
github.com/lexatic/data-importer/internal/recommendation/ml_recomendation.go:352.2,352.35 1 3
github.com/lexatic/data-importer/internal/recommendation/ml_recomendation.go:342.39,351.3 1 6
github.com/lexatic/data-importer/internal/recommendation/ml_recomendation.go:356.126,365.16 6 0
github.com/lexatic/data-importer/internal/recommendation/ml_recomendation.go:370.2,371.16 2 0
github.com/lexatic/data-importer/internal/recommendation/ml_recomendation.go:376.2,376.12 1 0
github.com/lexatic/data-importer/internal/recommendation/ml_recomendation.go:365.16,369.3 3 0
github.com/lexatic/data-importer/internal/recommendation/ml_recomendation.go:371.16,375.3 3 0
github.com/lexatic/data-importer/internal/recommendation/ml_recomendation.go:380.124,389.16 6 0
github.com/lexatic/data-importer/internal/recommendation/ml_recomendation.go:394.2,395.16 2 0
github.com/lexatic/data-importer/internal/recommendation/ml_recomendation.go:400.2,400.12 1 0
github.com/lexatic/data-importer/internal/recommendation/ml_recomendation.go:389.16,393.3 3 0
github.com/lexatic/data-importer/internal/recommendation/ml_recomendation.go:395.16,399.3 3 0
github.com/lexatic/data-importer/internal/recommendation/ml_recomendation.go:404.126,406.22 2 2
github.com/lexatic/data-importer/internal/recommendation/ml_recomendation.go:409.2,410.44 2 1
github.com/lexatic/data-importer/internal/recommendation/ml_recomendation.go:420.2,420.22 1 1
github.com/lexatic/data-importer/internal/recommendation/ml_recomendation.go:406.22,408.3 1 1
github.com/lexatic/data-importer/internal/recommendation/ml_recomendation.go:410.44,412.17 2 2
github.com/lexatic/data-importer/internal/recommendation/ml_recomendation.go:415.3,418.5 1 2
github.com/lexatic/data-importer/internal/recommendation/ml_recomendation.go:412.17,413.12 1 0
github.com/lexatic/data-importer/internal/recommendation/ml_recomendation.go:424.103,427.44 2 1
github.com/lexatic/data-importer/internal/recommendation/ml_recomendation.go:438.2,438.21 1 1
github.com/lexatic/data-importer/internal/recommendation/ml_recomendation.go:441.2,441.27 1 1
github.com/lexatic/data-importer/internal/recommendation/ml_recomendation.go:427.44,429.17 2 2
github.com/lexatic/data-importer/internal/recommendation/ml_recomendation.go:432.3,435.25 4 2
github.com/lexatic/data-importer/internal/recommendation/ml_recomendation.go:429.17,430.12 1 0
github.com/lexatic/data-importer/internal/recommendation/ml_recomendation.go:438.21,440.3 1 0
github.com/lexatic/data-importer/internal/recommendation/ml_recomendation.go:445.59,454.16 6 0
github.com/lexatic/data-importer/internal/recommendation/ml_recomendation.go:461.2,462.16 2 0
github.com/lexatic/data-importer/internal/recommendation/ml_recomendation.go:468.2,468.12 1 0
github.com/lexatic/data-importer/internal/recommendation/ml_recomendation.go:454.16,459.3 4 0
github.com/lexatic/data-importer/internal/recommendation/ml_recomendation.go:462.16,467.3 4 0
github.com/lexatic/data-importer/api/internal-recommendation-api/v1.go:33.132,41.2 1 0
github.com/lexatic/data-importer/api/internal-recommendation-api/v1.go:43.162,51.2 1 0
github.com/lexatic/data-importer/api/internal-recommendation-api/v1.go:58.79,71.37 7 0
github.com/lexatic/data-importer/api/internal-recommendation-api/v1.go:83.2,89.16 3 0
github.com/lexatic/data-importer/api/internal-recommendation-api/v1.go:99.2,103.4 1 0
github.com/lexatic/data-importer/api/internal-recommendation-api/v1.go:71.37,81.3 5 0
github.com/lexatic/data-importer/api/internal-recommendation-api/v1.go:89.16,98.3 4 0
github.com/lexatic/data-importer/api/internal-recommendation-api/v1.go:109.211,126.37 10 0
github.com/lexatic/data-importer/api/internal-recommendation-api/v1.go:135.2,141.16 3 0
github.com/lexatic/data-importer/api/internal-recommendation-api/v1.go:147.2,154.24 4 0
github.com/lexatic/data-importer/api/internal-recommendation-api/v1.go:126.37,133.3 5 0
github.com/lexatic/data-importer/api/internal-recommendation-api/v1.go:141.16,146.3 3 0
